<?xml version="1.0" encoding="UTF-8"?>
<testsuite name="com.bl.census.CensusAnalyserTest" tests="1" skipped="0" failures="0" errors="0" timestamp="2020-10-19T05:25:47" hostname="LAPTOP-JP0FR8LN" time="0.121">
  <properties/>
  <testcase name="givenIndianCensusCSVFileReturnsCorrectRecords" classname="com.bl.census.CensusAnalyserTest" time="0.121"/>
  <system-out><![CDATA[]]></system-out>
  <system-err><![CDATA[]]></system-err>
</testsuite>
