<?xml version="1.0" encoding="UTF-8"?>
<testsuite name="com.bl.census.CensusAnalyserTest" tests="10" skipped="0" failures="0" errors="0" timestamp="2020-10-21T07:53:06" hostname="LAPTOP-JP0FR8LN" time="0.427">
  <properties/>
  <testcase name="givenIndiaCensusDataWithWrongHeaderShouldThrowException" classname="com.bl.census.CensusAnalyserTest" time="0.095"/>
  <testcase name="givenIndianCensusCSVFileReturnsCorrectRecords" classname="com.bl.census.CensusAnalyserTest" time="0.179"/>
  <testcase name="givenIndiaCensusDataWithWrongFileShouldThrowException" classname="com.bl.census.CensusAnalyserTest" time="0.077"/>
  <testcase name="givenStateCodeFileWithWrongHeaderReturnsException" classname="com.bl.census.CensusAnalyserTest" time="0.007"/>
  <testcase name="givenWrongStateCodeFileTypeReturnsException" classname="com.bl.census.CensusAnalyserTest" time="0.002"/>
  <testcase name="givenIndiaCensusDataWithWrongDelimiterShouldThrowException" classname="com.bl.census.CensusAnalyserTest" time="0.002"/>
  <testcase name="givenIndiaCensusDataWithWrongTypeShouldThrowException" classname="com.bl.census.CensusAnalyserTest" time="0.001"/>
  <testcase name="givenStatesReturnsCorrectRecords" classname="com.bl.census.CensusAnalyserTest" time="0.056"/>
  <testcase name="givenWrongStateCodeFileWithWrongDelimiterReturnsException" classname="com.bl.census.CensusAnalyserTest" time="0.003"/>
  <testcase name="givenWrongStateCodeFileReturnsException" classname="com.bl.census.CensusAnalyserTest" time="0.001"/>
  <system-out><![CDATA[]]></system-out>
  <system-err><![CDATA[]]></system-err>
</testsuite>
